


26/10/2018 14:07:39 [LERROR] MysqlCon.vb::1199 - Error con excepción
	Procedure or function '`SEL_CONFIG_FACTURA_NUMERO`' cannot be found in database '`BDFERIA`'.
	MySql.Data.MySqlClient.MySqlException (0x80004005): Procedure or function '`SEL_CONFIG_FACTURA_NUMERO`' cannot be found in database '`BDFERIA`'.
   en MySql.Data.MySqlClient.ProcedureCache.GetProcData(MySqlConnection connection, String spName)
   en MySql.Data.MySqlClient.ProcedureCache.AddNew(MySqlConnection connection, String spName)
   en MySql.Data.MySqlClient.ProcedureCache.GetProcedure(MySqlConnection conn, String spName, String cacheKey)
   en MySql.Data.MySqlClient.StoredProcedure.GetParameters(String procName)
   en MySql.Data.MySqlClient.StoredProcedure.CheckParameters(String spName)
   en MySql.Data.MySqlClient.StoredProcedure.Resolve(Boolean preparing)
   en MySql.Data.MySqlClient.MySqlCommand.ExecuteReader(CommandBehavior behavior)
   en Facturacion_Esteban.MysqlCon.SEL_CONFIG_FACTURA_NUMERO(Object& p_numero) en D:\Documents\Proyecto Douglas\Facturacion Verde Sur\Facturacion Esteban\Modulos\MysqlCon.vb:línea 1199



26/10/2018 14:07:40 [LERROR] Fr_Crear_Facturas.vb::650 - Error con excepción
	Referencia a objeto no establecida como instancia de un objeto.
	System.NullReferenceException: Referencia a objeto no establecida como instancia de un objeto.
   en Facturacion_Esteban.MysqlCon.SEL_CONFIG_FACTURA_NUMERO(Object& p_numero) en D:\Documents\Proyecto Douglas\Facturacion Verde Sur\Facturacion Esteban\Modulos\MysqlCon.vb:línea 1207
   en Facturacion_Esteban.Fr_Crear_Facturas.crea_factura(Boolean estado_fact, Boolean imprime_tiquet) en D:\Documents\Proyecto Douglas\Facturacion Verde Sur\Facturacion Esteban\Formularios\Fr_Crear_Facturas.vb:línea 650



26/10/2018 14:10:14 [LERROR] MysqlCon.vb::1877 - Error con excepción
	The connection is already open.
	System.InvalidOperationException: The connection is already open.
   en MySql.Data.MySqlClient.ExceptionInterceptor.Throw(Exception exception)
   en MySql.Data.MySqlClient.MySqlConnection.Open()
   en Facturacion_Esteban.MysqlCon.SEL_FACT_OPEN(DataGridView& p_facturas_abiertas) en D:\Documents\Proyecto Douglas\Facturacion Verde Sur\Facturacion Esteban\Modulos\MysqlCon.vb:línea 1877



26/10/2018 14:13:08 [LERROR] MysqlCon.vb::2991 - Error con excepción
	Procedure or function '`UPD_FACTURA_NUMERO`' cannot be found in database '`BDFERIA`'.
	MySql.Data.MySqlClient.MySqlException (0x80004005): Procedure or function '`UPD_FACTURA_NUMERO`' cannot be found in database '`BDFERIA`'.
   en MySql.Data.MySqlClient.ProcedureCache.GetProcData(MySqlConnection connection, String spName)
   en MySql.Data.MySqlClient.ProcedureCache.AddNew(MySqlConnection connection, String spName)
   en MySql.Data.MySqlClient.ProcedureCache.GetProcedure(MySqlConnection conn, String spName, String cacheKey)
   en MySql.Data.MySqlClient.StoredProcedure.GetParameters(String procName)
   en MySql.Data.MySqlClient.StoredProcedure.CheckParameters(String spName)
   en MySql.Data.MySqlClient.StoredProcedure.Resolve(Boolean preparing)
   en MySql.Data.MySqlClient.MySqlCommand.ExecuteReader(CommandBehavior behavior)
   en MySql.Data.MySqlClient.MySqlCommand.ExecuteNonQuery()
   en Facturacion_Esteban.MysqlCon.UPD_FACTURA_NUMERO(Int32 p_numero) en D:\Documents\Proyecto Douglas\Facturacion Verde Sur\Facturacion Esteban\Modulos\MysqlCon.vb:línea 2991



26/10/2018 14:21:15 [LERROR] MysqlCon.vb::537 - Error con excepción
	The connection is already open.
	System.InvalidOperationException: The connection is already open.
   en MySql.Data.MySqlClient.ExceptionInterceptor.Throw(Exception exception)
   en MySql.Data.MySqlClient.MySqlConnection.Open()
   en Facturacion_Esteban.MysqlCon.SEL_CUENTA_PEDIDOS_PENDIENTES(Int32& p_cantidad) en D:\Documents\Proyecto Douglas\Facturacion Verde Sur\Facturacion Esteban\Modulos\MysqlCon.vb:línea 537



26/10/2018 14:21:17 [LERROR] MysqlCon.vb::538 - Error con excepción
	Table 'bdferia.tb_pedido' doesn't exist
	MySql.Data.MySqlClient.MySqlException (0x80004005): Table 'bdferia.tb_pedido' doesn't exist
   en MySql.Data.MySqlClient.MySqlStream.ReadPacket()
   en MySql.Data.MySqlClient.NativeDriver.GetResult(Int32& affectedRow, Int64& insertedId)
   en MySql.Data.MySqlClient.Driver.NextResult(Int32 statementId, Boolean force)
   en MySql.Data.MySqlClient.MySqlDataReader.NextResult()
   en MySql.Data.MySqlClient.MySqlCommand.ExecuteReader(CommandBehavior behavior)
   en Facturacion_Esteban.MysqlCon.SEL_CUENTA_PEDIDOS_PENDIENTES(Int32& p_cantidad) en D:\Documents\Proyecto Douglas\Facturacion Verde Sur\Facturacion Esteban\Modulos\MysqlCon.vb:línea 538
