


21/02/2018 10:08:28 [LERROR] MysqlCon.vb::2938 - Error con excepción
	Incorrect integer value: '' for column 'p_numero_factura' at row 1
	MySql.Data.MySqlClient.MySqlException (0x80004005): Incorrect integer value: '' for column 'p_numero_factura' at row 1
   en MySql.Data.MySqlClient.MySqlStream.ReadPacket()
   en MySql.Data.MySqlClient.NativeDriver.GetResult(Int32& affectedRow, Int64& insertedId)
   en MySql.Data.MySqlClient.Driver.NextResult(Int32 statementId, Boolean force)
   en MySql.Data.MySqlClient.MySqlDataReader.NextResult()
   en MySql.Data.MySqlClient.MySqlCommand.ExecuteReader(CommandBehavior behavior)
   en MySql.Data.MySqlClient.MySqlCommand.ExecuteNonQuery()
   en Facturacion_Esteban.MysqlCon.UPD_CONFIGURACION(String p_nombre_empresa, String p_numero_factura, String p_nombre_impresora, Boolean p_usar_impresora_termica, Boolean p_usar_precios_anteriores, String p_cabecera_1, String p_cabecera_2, String p_cabecera_3, String p_cabecera_4, String p_cabecera_5, String p_cabecera_6, String p_pie_factura, String p_numero_cotizacion, String& p_respuesta) en C:\Users\Esteban laptop\Documents\Proyecto Douglas\Facturacion Esteban\Facturacion Esteban\Modulos\MysqlCon.vb:línea 2938



21/02/2018 10:09:41 [LERROR] MysqlCon.vb::2938 - Error con excepción
	Incorrect integer value: '' for column 'p_numero_factura' at row 1
	MySql.Data.MySqlClient.MySqlException (0x80004005): Incorrect integer value: '' for column 'p_numero_factura' at row 1
   en MySql.Data.MySqlClient.MySqlStream.ReadPacket()
   en MySql.Data.MySqlClient.NativeDriver.GetResult(Int32& affectedRow, Int64& insertedId)
   en MySql.Data.MySqlClient.Driver.NextResult(Int32 statementId, Boolean force)
   en MySql.Data.MySqlClient.MySqlDataReader.NextResult()
   en MySql.Data.MySqlClient.MySqlCommand.ExecuteReader(CommandBehavior behavior)
   en MySql.Data.MySqlClient.MySqlCommand.ExecuteNonQuery()
   en Facturacion_Esteban.MysqlCon.UPD_CONFIGURACION(String p_nombre_empresa, String p_numero_factura, String p_nombre_impresora, Boolean p_usar_impresora_termica, Boolean p_usar_precios_anteriores, String p_cabecera_1, String p_cabecera_2, String p_cabecera_3, String p_cabecera_4, String p_cabecera_5, String p_cabecera_6, String p_pie_factura, String p_numero_cotizacion, String& p_respuesta) en C:\Users\Esteban laptop\Documents\Proyecto Douglas\Facturacion Esteban\Facturacion Esteban\Modulos\MysqlCon.vb:línea 2938
