


24/10/2018 14:02:33 [LERROR] MysqlCon.vb::1140 - Error con excepción
	Unable to connect to any of the specified MySQL hosts.
	MySql.Data.MySqlClient.MySqlException (0x80004005): Unable to connect to any of the specified MySQL hosts. ---> System.Net.Sockets.SocketException (0x80004005): Host desconocido
   en System.Net.Dns.GetAddrInfo(String name)
   en System.Net.Dns.InternalGetHostByName(String hostName, Boolean includeIPv6)
   en System.Net.Dns.GetHostEntry(String hostNameOrAddress)
   en MySql.Data.Common.MyNetworkStream.CreateStream(MySqlConnectionStringBuilder settings, Boolean unix)
   en MySql.Data.Common.StreamCreator.GetStream(MySqlConnectionStringBuilder settings)
   en MySql.Data.MySqlClient.NativeDriver.Open()
   en MySql.Data.MySqlClient.NativeDriver.Open()
   en MySql.Data.MySqlClient.Driver.Open()
   en MySql.Data.MySqlClient.Driver.Create(MySqlConnectionStringBuilder settings)
   en MySql.Data.MySqlClient.MySqlPool.GetPooledConnection()
   en MySql.Data.MySqlClient.MySqlPool.TryToGetDriver()
   en MySql.Data.MySqlClient.MySqlPool.GetConnection()
   en MySql.Data.MySqlClient.MySqlConnection.Open()
   en Facturacion_Esteban.MysqlCon.SEL_CONFIG_FACTURA(String& p_nombre_empresa, String& p_numero_factura, Boolean& p_usar_impresora_termica, Boolean& p_usar_precios_anteriores, String& p_cabecera_1, String& p_cabecera_2, String& p_cabecera_3, String& p_cabecera_4, String& p_cabecera_5, String& p_cabecera_6, String& p_pie_factura) en D:\Documents\Proyecto Douglas\Facturacion Verde Sur\Facturacion Esteban\Modulos\MysqlCon.vb:línea 1140



24/10/2018 14:13:37 [LERROR] MysqlCon.vb::1140 - Error con excepción
	Unable to connect to any of the specified MySQL hosts.
	MySql.Data.MySqlClient.MySqlException (0x80004005): Unable to connect to any of the specified MySQL hosts. ---> System.Net.Sockets.SocketException (0x80004005): Host desconocido
   en System.Net.Dns.GetAddrInfo(String name)
   en System.Net.Dns.InternalGetHostByName(String hostName, Boolean includeIPv6)
   en System.Net.Dns.GetHostEntry(String hostNameOrAddress)
   en MySql.Data.Common.MyNetworkStream.CreateStream(MySqlConnectionStringBuilder settings, Boolean unix)
   en MySql.Data.Common.StreamCreator.GetStream(MySqlConnectionStringBuilder settings)
   en MySql.Data.MySqlClient.NativeDriver.Open()
   en MySql.Data.MySqlClient.NativeDriver.Open()
   en MySql.Data.MySqlClient.Driver.Open()
   en MySql.Data.MySqlClient.Driver.Create(MySqlConnectionStringBuilder settings)
   en MySql.Data.MySqlClient.MySqlPool.GetPooledConnection()
   en MySql.Data.MySqlClient.MySqlPool.TryToGetDriver()
   en MySql.Data.MySqlClient.MySqlPool.GetConnection()
   en MySql.Data.MySqlClient.MySqlConnection.Open()
   en Facturacion_Esteban.MysqlCon.SEL_CONFIG_FACTURA(String& p_nombre_empresa, String& p_numero_factura, Boolean& p_usar_impresora_termica, Boolean& p_usar_precios_anteriores, String& p_cabecera_1, String& p_cabecera_2, String& p_cabecera_3, String& p_cabecera_4, String& p_cabecera_5, String& p_cabecera_6, String& p_pie_factura) en D:\Documents\Proyecto Douglas\Facturacion Verde Sur\Facturacion Esteban\Modulos\MysqlCon.vb:línea 1140



24/10/2018 14:36:48 [LERROR] MysqlCon.vb::1099 - Error con excepción
	Procedure or function '`SEL_CONFIGURACION`' cannot be found in database '`BDFERIA`'.
	MySql.Data.MySqlClient.MySqlException (0x80004005): Procedure or function '`SEL_CONFIGURACION`' cannot be found in database '`BDFERIA`'.
   en MySql.Data.MySqlClient.ProcedureCache.GetProcData(MySqlConnection connection, String spName)
   en MySql.Data.MySqlClient.ProcedureCache.AddNew(MySqlConnection connection, String spName)
   en MySql.Data.MySqlClient.ProcedureCache.GetProcedure(MySqlConnection conn, String spName, String cacheKey)
   en MySql.Data.MySqlClient.StoredProcedure.GetParameters(String procName)
   en MySql.Data.MySqlClient.StoredProcedure.CheckParameters(String spName)
   en MySql.Data.MySqlClient.StoredProcedure.Resolve(Boolean preparing)
   en MySql.Data.MySqlClient.MySqlCommand.ExecuteReader(CommandBehavior behavior)
   en Facturacion_Esteban.MysqlCon.SEL_CONGIFURACION(String& p_nombre_empresa, String& p_numero_factura, String& p_nombre_impresora, Boolean& p_usar_impresora_termica, Boolean& p_usar_precios_anteriores, String& p_cabecera_1, String& p_cabecera_2, String& p_cabecera_3, String& p_cabecera_4, String& p_cabecera_5, String& p_cabecera_6, String& p_pie_factura, String& p_numero_cotizacion, Int32& p_filas) en D:\Documents\Proyecto Douglas\Facturacion Verde Sur\Facturacion Esteban\Modulos\MysqlCon.vb:línea 1099



24/10/2018 14:41:01 [LERROR] MysqlCon.vb::419 - Error con excepción
	Procedure or function '`INS_CONFIG`' cannot be found in database '`BDFERIA`'.
	MySql.Data.MySqlClient.MySqlException (0x80004005): Procedure or function '`INS_CONFIG`' cannot be found in database '`BDFERIA`'.
   en MySql.Data.MySqlClient.ProcedureCache.GetProcData(MySqlConnection connection, String spName)
   en MySql.Data.MySqlClient.ProcedureCache.AddNew(MySqlConnection connection, String spName)
   en MySql.Data.MySqlClient.ProcedureCache.GetProcedure(MySqlConnection conn, String spName, String cacheKey)
   en MySql.Data.MySqlClient.StoredProcedure.GetParameters(String procName)
   en MySql.Data.MySqlClient.StoredProcedure.CheckParameters(String spName)
   en MySql.Data.MySqlClient.StoredProcedure.Resolve(Boolean preparing)
   en MySql.Data.MySqlClient.MySqlCommand.ExecuteReader(CommandBehavior behavior)
   en MySql.Data.MySqlClient.MySqlCommand.ExecuteNonQuery()
   en Facturacion_Esteban.MysqlCon.INS_CONFIG(String p_nombre_empresa) en D:\Documents\Proyecto Douglas\Facturacion Verde Sur\Facturacion Esteban\Modulos\MysqlCon.vb:línea 419



24/10/2018 14:43:06 [LERROR] MysqlCon.vb::3189 - Error con excepción
	Procedure or function '`UPD_CONFIGURACION`' cannot be found in database '`BDFERIA`'.
	MySql.Data.MySqlClient.MySqlException (0x80004005): Procedure or function '`UPD_CONFIGURACION`' cannot be found in database '`BDFERIA`'.
   en MySql.Data.MySqlClient.ProcedureCache.GetProcData(MySqlConnection connection, String spName)
   en MySql.Data.MySqlClient.ProcedureCache.AddNew(MySqlConnection connection, String spName)
   en MySql.Data.MySqlClient.ProcedureCache.GetProcedure(MySqlConnection conn, String spName, String cacheKey)
   en MySql.Data.MySqlClient.StoredProcedure.GetParameters(String procName)
   en MySql.Data.MySqlClient.StoredProcedure.CheckParameters(String spName)
   en MySql.Data.MySqlClient.StoredProcedure.Resolve(Boolean preparing)
   en MySql.Data.MySqlClient.MySqlCommand.ExecuteReader(CommandBehavior behavior)
   en MySql.Data.MySqlClient.MySqlCommand.ExecuteNonQuery()
   en Facturacion_Esteban.MysqlCon.UPD_CONFIGURACION(String p_nombre_empresa, String p_numero_factura, String p_nombre_impresora, Boolean p_usar_impresora_termica, Boolean p_usar_precios_anteriores, String p_cabecera_1, String p_cabecera_2, String p_cabecera_3, String p_cabecera_4, String p_cabecera_5, String p_cabecera_6, String p_pie_factura, String p_numero_cotizacion, String& p_respuesta) en D:\Documents\Proyecto Douglas\Facturacion Verde Sur\Facturacion Esteban\Modulos\MysqlCon.vb:línea 3189



24/10/2018 14:45:10 [LERROR] MysqlCon.vb::3189 - Error con excepción
	Parameter 'p_email' not found in the collection.
	System.ArgumentException: Parameter 'p_email' not found in the collection.
   en MySql.Data.MySqlClient.MySqlParameterCollection.GetParameterFlexible(String parameterName, Boolean throwOnNotFound)
   en MySql.Data.MySqlClient.StoredProcedure.GetAndFixParameter(String spName, MySqlSchemaRow param, Boolean realAsFloat, MySqlParameter returnParameter)
   en MySql.Data.MySqlClient.StoredProcedure.CheckParameters(String spName)
   en MySql.Data.MySqlClient.StoredProcedure.Resolve(Boolean preparing)
   en MySql.Data.MySqlClient.MySqlCommand.ExecuteReader(CommandBehavior behavior)
   en MySql.Data.MySqlClient.MySqlCommand.ExecuteNonQuery()
   en Facturacion_Esteban.MysqlCon.UPD_CONFIGURACION(String p_nombre_empresa, String p_numero_factura, String p_nombre_impresora, Boolean p_usar_impresora_termica, Boolean p_usar_precios_anteriores, String p_cabecera_1, String p_cabecera_2, String p_cabecera_3, String p_cabecera_4, String p_cabecera_5, String p_cabecera_6, String p_pie_factura, String p_numero_cotizacion, String& p_respuesta) en D:\Documents\Proyecto Douglas\Facturacion Verde Sur\Facturacion Esteban\Modulos\MysqlCon.vb:línea 3189



24/10/2018 14:45:24 [LERROR] MysqlCon.vb::3189 - Error con excepción
	Parameter 'p_email' not found in the collection.
	System.ArgumentException: Parameter 'p_email' not found in the collection.
   en MySql.Data.MySqlClient.MySqlParameterCollection.GetParameterFlexible(String parameterName, Boolean throwOnNotFound)
   en MySql.Data.MySqlClient.StoredProcedure.GetAndFixParameter(String spName, MySqlSchemaRow param, Boolean realAsFloat, MySqlParameter returnParameter)
   en MySql.Data.MySqlClient.StoredProcedure.CheckParameters(String spName)
   en MySql.Data.MySqlClient.StoredProcedure.Resolve(Boolean preparing)
   en MySql.Data.MySqlClient.MySqlCommand.ExecuteReader(CommandBehavior behavior)
   en MySql.Data.MySqlClient.MySqlCommand.ExecuteNonQuery()
   en Facturacion_Esteban.MysqlCon.UPD_CONFIGURACION(String p_nombre_empresa, String p_numero_factura, String p_nombre_impresora, Boolean p_usar_impresora_termica, Boolean p_usar_precios_anteriores, String p_cabecera_1, String p_cabecera_2, String p_cabecera_3, String p_cabecera_4, String p_cabecera_5, String p_cabecera_6, String p_pie_factura, String p_numero_cotizacion, String& p_respuesta) en D:\Documents\Proyecto Douglas\Facturacion Verde Sur\Facturacion Esteban\Modulos\MysqlCon.vb:línea 3189



24/10/2018 14:54:17 [LERROR] MysqlCon.vb::671 - Error con excepción
	La conversión del tipo 'DBNull' en el tipo 'String' no es válida.
	System.InvalidCastException: La conversión del tipo 'DBNull' en el tipo 'String' no es válida.
   en Microsoft.VisualBasic.CompilerServices.Conversions.ToString(Object Value)
   en Facturacion_Esteban.MysqlCon.SEL_IMPRESORA(String& p_impresoraTermica, String& p_impresoraMatriz, Boolean& p_usarImpresoraTermica, Int32& p_ImprimeLinea) en D:\Documents\Proyecto Douglas\Facturacion Verde Sur\Facturacion Esteban\Modulos\MysqlCon.vb:línea 671



24/10/2018 14:54:25 [LERROR] MysqlCon.vb::671 - Error con excepción
	La conversión del tipo 'DBNull' en el tipo 'String' no es válida.
	System.InvalidCastException: La conversión del tipo 'DBNull' en el tipo 'String' no es válida.
   en Microsoft.VisualBasic.CompilerServices.Conversions.ToString(Object Value)
   en Facturacion_Esteban.MysqlCon.SEL_IMPRESORA(String& p_impresoraTermica, String& p_impresoraMatriz, Boolean& p_usarImpresoraTermica, Int32& p_ImprimeLinea) en D:\Documents\Proyecto Douglas\Facturacion Verde Sur\Facturacion Esteban\Modulos\MysqlCon.vb:línea 671



24/10/2018 14:56:57 [LERROR] MysqlCon.vb::671 - Error con excepción
	La conversión del tipo 'DBNull' en el tipo 'String' no es válida.
	System.InvalidCastException: La conversión del tipo 'DBNull' en el tipo 'String' no es válida.
   en Microsoft.VisualBasic.CompilerServices.Conversions.ToString(Object Value)
   en Facturacion_Esteban.MysqlCon.SEL_IMPRESORA(String& p_impresoraTermica, String& p_impresoraMatriz, Boolean& p_usarImpresoraTermica, Int32& p_ImprimeLinea) en D:\Documents\Proyecto Douglas\Facturacion Verde Sur\Facturacion Esteban\Modulos\MysqlCon.vb:línea 671



24/10/2018 14:57:05 [LERROR] MysqlCon.vb::671 - Error con excepción
	La conversión del tipo 'DBNull' en el tipo 'String' no es válida.
	System.InvalidCastException: La conversión del tipo 'DBNull' en el tipo 'String' no es válida.
   en Microsoft.VisualBasic.CompilerServices.Conversions.ToString(Object Value)
   en Facturacion_Esteban.MysqlCon.SEL_IMPRESORA(String& p_impresoraTermica, String& p_impresoraMatriz, Boolean& p_usarImpresoraTermica, Int32& p_ImprimeLinea) en D:\Documents\Proyecto Douglas\Facturacion Verde Sur\Facturacion Esteban\Modulos\MysqlCon.vb:línea 671



24/10/2018 15:02:14 [LERROR] MysqlCon.vb::671 - Error con excepción
	La conversión del tipo 'DBNull' en el tipo 'String' no es válida.
	System.InvalidCastException: La conversión del tipo 'DBNull' en el tipo 'String' no es válida.
   en Microsoft.VisualBasic.CompilerServices.Conversions.ToString(Object Value)
   en Facturacion_Esteban.MysqlCon.SEL_IMPRESORA(String& p_impresoraTermica, String& p_impresoraMatriz, Boolean& p_usarImpresoraTermica, Int32& p_ImprimeLinea) en D:\Documents\Proyecto Douglas\Facturacion Verde Sur\Facturacion Esteban\Modulos\MysqlCon.vb:línea 671
