


02/02/2019 16:44:38 [LERROR] MysqlCon.vb::1574 - Error con excepción
	La conversión del tipo 'DBNull' en el tipo 'String' no es válida.
	System.InvalidCastException: La conversión del tipo 'DBNull' en el tipo 'String' no es válida.
   en Microsoft.VisualBasic.CompilerServices.Conversions.ToString(Object Value)
   en Facturacion_Esteban.MysqlCon.SEL_CLIENTE_FACT(String p_codigo, Int32& p_id, DataGridView& p_dgv, String& p_advertencia, String& p_telefono, Boolean& p_tipo_printer, Int32& p_vendedor, String& p_cedula_cliente) en D:\Documents\Proyecto Douglas\Facturacion Verde Sur\Facturacion Esteban\Modulos\MysqlCon.vb:línea 1574



02/02/2019 16:44:39 [LERROR] MysqlCon.vb::1574 - Error con excepción
	La conversión del tipo 'DBNull' en el tipo 'String' no es válida.
	System.InvalidCastException: La conversión del tipo 'DBNull' en el tipo 'String' no es válida.
   en Microsoft.VisualBasic.CompilerServices.Conversions.ToString(Object Value)
   en Facturacion_Esteban.MysqlCon.SEL_CLIENTE_FACT(String p_codigo, Int32& p_id, DataGridView& p_dgv, String& p_advertencia, String& p_telefono, Boolean& p_tipo_printer, Int32& p_vendedor, String& p_cedula_cliente) en D:\Documents\Proyecto Douglas\Facturacion Verde Sur\Facturacion Esteban\Modulos\MysqlCon.vb:línea 1574



02/02/2019 16:44:40 [LERROR] MysqlCon.vb::1574 - Error con excepción
	La conversión del tipo 'DBNull' en el tipo 'String' no es válida.
	System.InvalidCastException: La conversión del tipo 'DBNull' en el tipo 'String' no es válida.
   en Microsoft.VisualBasic.CompilerServices.Conversions.ToString(Object Value)
   en Facturacion_Esteban.MysqlCon.SEL_CLIENTE_FACT(String p_codigo, Int32& p_id, DataGridView& p_dgv, String& p_advertencia, String& p_telefono, Boolean& p_tipo_printer, Int32& p_vendedor, String& p_cedula_cliente) en D:\Documents\Proyecto Douglas\Facturacion Verde Sur\Facturacion Esteban\Modulos\MysqlCon.vb:línea 1574



02/02/2019 16:44:41 [LERROR] MysqlCon.vb::1574 - Error con excepción
	La conversión del tipo 'DBNull' en el tipo 'String' no es válida.
	System.InvalidCastException: La conversión del tipo 'DBNull' en el tipo 'String' no es válida.
   en Microsoft.VisualBasic.CompilerServices.Conversions.ToString(Object Value)
   en Facturacion_Esteban.MysqlCon.SEL_CLIENTE_FACT(String p_codigo, Int32& p_id, DataGridView& p_dgv, String& p_advertencia, String& p_telefono, Boolean& p_tipo_printer, Int32& p_vendedor, String& p_cedula_cliente) en D:\Documents\Proyecto Douglas\Facturacion Verde Sur\Facturacion Esteban\Modulos\MysqlCon.vb:línea 1574
